JavaPathfinder core system v8.0 (rev 31) - (C) 2005-2014 United States Government. All rights reserved.


====================================================== system under test
DBMS.main()

====================================================== search started: 2/3/20 11:50 PM
OK!
OK!

====================================================== error 1
gov.nasa.jpf.vm.NotDeadlockedProperty
deadlock encountered:
  thread java.lang.Thread:{id:0,name:main,status:WAITING,priority:5,isDaemon:false,lockCount:0,suspendCount:0}
  thread Transaction:{id:1,name:Thread-1,status:BLOCKED,priority:5,isDaemon:false,lockCount:0,suspendCount:0}
  thread Transaction:{id:2,name:Thread-2,status:BLOCKED,priority:5,isDaemon:false,lockCount:0,suspendCount:0}


====================================================== trace #1
------------------------------------------------------ transition #0 thread: 0
gov.nasa.jpf.vm.choice.ThreadChoiceFromSet {id:"ROOT" ,1/1,isCascaded:false}
      [3157 insn w/o sources]
  DBMS.java:3                    : Student s1 = new Student(1);
  Student.java:7                 : public Student(int id) {
  Table.java:1                   : public abstract class Table {
      [1 insn w/o sources]
  Table.java:1                   : public abstract class Table {
  Student.java:8                 : this.id = id;
  Student.java:9                 : }
  DBMS.java:3                    : Student s1 = new Student(1);
  DBMS.java:4                    : Grade g1 = new Grade(1);
  Grade.java:7                   : public Grade(int id) {
  Table.java:1                   : public abstract class Table {
      [1 insn w/o sources]
  Table.java:1                   : public abstract class Table {
  Grade.java:8                   : this.id = id;
  Grade.java:9                   : }
  DBMS.java:4                    : Grade g1 = new Grade(1);
  DBMS.java:6                    : Transaction t1 = new Transaction(s1, g1);
  Transaction.java:5             : public Transaction(Table o1, Table o2) {
      [145 insn w/o sources]
  Transaction.java:6             : this.o1 = o1;
  Transaction.java:7             : this.o2 = o2;
  Transaction.java:8             : }
  DBMS.java:6                    : Transaction t1 = new Transaction(s1, g1);
  DBMS.java:7                    : Transaction t2 = new Transaction(g1, s1);
  Transaction.java:5             : public Transaction(Table o1, Table o2) {
      [145 insn w/o sources]
  Transaction.java:6             : this.o1 = o1;
  Transaction.java:7             : this.o2 = o2;
  Transaction.java:8             : }
  DBMS.java:7                    : Transaction t2 = new Transaction(g1, s1);
  DBMS.java:9                    : t1.start();
      [1 insn w/o sources]
------------------------------------------------------ transition #1 thread: 0
gov.nasa.jpf.vm.choice.ThreadChoiceFromSet {id:"START" ,1/2,isCascaded:false}
      [2 insn w/o sources]
  DBMS.java:10                   : t2.start();
      [1 insn w/o sources]
------------------------------------------------------ transition #2 thread: 0
gov.nasa.jpf.vm.choice.ThreadChoiceFromSet {id:"START" ,1/3,isCascaded:false}
      [2 insn w/o sources]
  DBMS.java:12                   : t1.join();
      [1 insn w/o sources]
------------------------------------------------------ transition #3 thread: 1
gov.nasa.jpf.vm.choice.ThreadChoiceFromSet {id:"JOIN" ,1/2,isCascaded:false}
      [1 insn w/o sources]
  Transaction.java:1             : public class Transaction extends Thread {
  Transaction.java:11            : synchronized (this.o1) {
------------------------------------------------------ transition #4 thread: 1
gov.nasa.jpf.vm.choice.ThreadChoiceFromSet {id:"SHARED_OBJECT" ,1/2,isCascaded:false}
  Transaction.java:11            : synchronized (this.o1) {
------------------------------------------------------ transition #5 thread: 1
gov.nasa.jpf.vm.choice.ThreadChoiceFromSet {id:"LOCK" ,1/2,isCascaded:false}
  Transaction.java:11            : synchronized (this.o1) {
  Transaction.java:12            : synchronized (this.o2) {
------------------------------------------------------ transition #6 thread: 1
gov.nasa.jpf.vm.choice.ThreadChoiceFromSet {id:"SHARED_OBJECT" ,1/2,isCascaded:false}
  Transaction.java:12            : synchronized (this.o2) {
------------------------------------------------------ transition #7 thread: 2
gov.nasa.jpf.vm.choice.ThreadChoiceFromSet {id:"LOCK" ,2/2,isCascaded:false}
      [1 insn w/o sources]
  Transaction.java:1             : public class Transaction extends Thread {
  Transaction.java:11            : synchronized (this.o1) {
------------------------------------------------------ transition #8 thread: 2
gov.nasa.jpf.vm.choice.ThreadChoiceFromSet {id:"SHARED_OBJECT" ,2/2,isCascaded:false}
  Transaction.java:11            : synchronized (this.o1) {
------------------------------------------------------ transition #9 thread: 2
gov.nasa.jpf.vm.choice.ThreadChoiceFromSet {id:"LOCK" ,2/2,isCascaded:false}
  Transaction.java:11            : synchronized (this.o1) {
  Transaction.java:12            : synchronized (this.o2) {

====================================================== snapshot #1
thread java.lang.Thread:{id:0,name:main,status:WAITING,priority:5,isDaemon:false,lockCount:0,suspendCount:0}
  waiting on: Transaction@169
  call stack:
        at java.lang.Thread.join(Thread.java)
        at DBMS.main(DBMS.java:12)

thread Transaction:{id:1,name:Thread-1,status:BLOCKED,priority:5,isDaemon:false,lockCount:0,suspendCount:0}
  owned locks:Student@161
  blocked on: Grade@165
  call stack:
        at Transaction.run(Transaction.java:12)

thread Transaction:{id:2,name:Thread-2,status:BLOCKED,priority:5,isDaemon:false,lockCount:0,suspendCount:0}
  owned locks:Grade@165
  blocked on: Student@161
  call stack:
        at Transaction.run(Transaction.java:12)


====================================================== results
error #1: gov.nasa.jpf.vm.NotDeadlockedProperty "deadlock encountered:   thread java.lang.Thread:{i..."

====================================================== statistics
elapsed time:       00:00:00
states:             new=56,visited=28,backtracked=74,end=3
search:             maxDepth=22,constraints=0
choice generators:  thread=55 (signal=0,lock=13,sharedRef=22,threadApi=14,reschedule=6), data=0
heap:               new=430,released=82,maxLive=378,gcCycles=77
instructions:       4434
max memory:         245MB
loaded code:        classes=67,methods=1493

====================================================== search finished: 2/3/20 11:50 PM